<?xml version="1.0" encoding="UTF-8"?>
<testsuite name="todobase.todolistapplication.TodoListApplicationTest" tests="14" skipped="0" failures="0" errors="0" timestamp="2021-11-06T23:33:06" hostname="MATT-DESKTOP" time="0.032">
  <properties/>
  <testcase name="getAndSetItemNumTest()" classname="todobase.todolistapplication.TodoListApplicationTest" time="0.011"/>
  <testcase name="clearTest()" classname="todobase.todolistapplication.TodoListApplicationTest" time="0.003"/>
  <testcase name="addTest()" classname="todobase.todolistapplication.TodoListApplicationTest" time="0.0"/>
  <testcase name="getItemTest()" classname="todobase.todolistapplication.TodoListApplicationTest" time="0.001"/>
  <testcase name="changeCompleteTest()" classname="todobase.todolistapplication.TodoListApplicationTest" time="0.001"/>
  <testcase name="getListTest()" classname="todobase.todolistapplication.TodoListApplicationTest" time="0.001"/>
  <testcase name="toFileTest()" classname="todobase.todolistapplication.TodoListApplicationTest" time="0.006"/>
  <testcase name="removeBoolTest()" classname="todobase.todolistapplication.TodoListApplicationTest" time="0.0"/>
  <testcase name="removeTest()" classname="todobase.todolistapplication.TodoListApplicationTest" time="0.001"/>
  <testcase name="fromFileTest()" classname="todobase.todolistapplication.TodoListApplicationTest" time="0.002"/>
  <testcase name="itemTest()" classname="todobase.todolistapplication.TodoListApplicationTest" time="0.0"/>
  <testcase name="backupRestoreTest()" classname="todobase.todolistapplication.TodoListApplicationTest" time="0.001"/>
  <testcase name="editTest()" classname="todobase.todolistapplication.TodoListApplicationTest" time="0.0"/>
  <testcase name="sortTest()" classname="todobase.todolistapplication.TodoListApplicationTest" time="0.0"/>
  <system-out><![CDATA[]]></system-out>
  <system-err><![CDATA[]]></system-err>
</testsuite>
